<?xml version="1.0" encoding="UTF-8"?>
<!-- Generated by org.testng.reporters.JUnitReportReporter -->
<testsuite skipped="0" hostname="DESKTOP-UR5LEMI" name="com.project.BaseObject.ScenarioOne" tests="1" failures="0" timestamp="12 Nov 2020 20:29:11 GMT" time="8.355" errors="0">
  <testcase name="seleniumAssignmentScenario_1" time="8.355" classname="com.project.BaseObject.ScenarioOne"/>
</testsuite> <!-- com.project.BaseObject.ScenarioOne -->
