<?xml version="1.0" encoding="UTF-8"?>
<!-- Generated by org.testng.reporters.JUnitReportReporter -->
<testsuite skipped="0" hostname="DESKTOP-UR5LEMI" name="com.project.BaseObject.ScenarioThree" tests="1" failures="0" timestamp="12 Nov 2020 20:29:11 GMT" time="7.977" errors="0">
  <testcase name="seleniumAssignmentScenario_3" time="7.977" classname="com.project.BaseObject.ScenarioThree"/>
</testsuite> <!-- com.project.BaseObject.ScenarioThree -->
