<?xml version="1.0" encoding="UTF-8"?>
<!-- Generated by org.testng.reporters.JUnitReportReporter -->
<testsuite skipped="0" hostname="DESKTOP-UR5LEMI" name="com.project.BaseObject.ScenarioTwo" tests="1" failures="0" timestamp="12 Nov 2020 20:29:11 GMT" time="21.137" errors="0">
  <testcase name="seleniumAssignmentScenario_2" time="21.137" classname="com.project.BaseObject.ScenarioTwo"/>
</testsuite> <!-- com.project.BaseObject.ScenarioTwo -->
