<?xml version="1.0" encoding="UTF-8"?>
<!-- Generated by org.testng.reporters.JUnitReportReporter -->
<testsuite skipped="0" hostname="DESKTOP-UR5LEMI" name="com.project.BaseObject.ToggleTester" tests="1" failures="0" timestamp="12 Nov 2020 19:15:08 GMT" time="2.602" errors="0">
  <testcase name="seleniumAssignment" time="2.602" classname="com.project.BaseObject.ToggleTester"/>
</testsuite> <!-- com.project.BaseObject.ToggleTester -->
