<?xml version="1.0" encoding="UTF-8"?>
<!-- Generated by org.testng.reporters.JUnitReportReporter -->
<testsuite skipped="0" hostname="DESKTOP-UR5LEMI" name="com.project.BaseObject.ScenarioFour" tests="1" failures="0" timestamp="12 Nov 2020 20:29:11 GMT" time="7.592" errors="0">
  <testcase name="seleniumAssignmentScenario_4" time="7.592" classname="com.project.BaseObject.ScenarioFour"/>
</testsuite> <!-- com.project.BaseObject.ScenarioFour -->
